Calculating task graph as configuration cache cannot be reused because directory 'transformation/transformationPlugins' has changed.
> Task :buildSrc:extractPluginRequests UP-TO-DATE
> Task :buildSrc:generatePluginAdapters UP-TO-DATE
> Task :buildSrc:compileJava UP-TO-DATE
> Task :buildSrc:compileGroovy UP-TO-DATE
> Task :buildSrc:compileGroovyPlugins UP-TO-DATE
> Task :buildSrc:pluginDescriptors UP-TO-DATE
> Task :buildSrc:processResources UP-TO-DATE
> Task :buildSrc:classes UP-TO-DATE
> Task :buildSrc:jar UP-TO-DATE
Configuring Jib builds for architecture: multi
> Task :assemble UP-TO-DATE
> Task :testHelperFixtures:processResources NO-SOURCE
> Task :buildImages:assemble UP-TO-DATE
> Task :spotlessInternalRegisterDependencies UP-TO-DATE
> Task :awsUtilities:processResources NO-SOURCE
> Task :console_link:assemble UP-TO-DATE
> Task :awsUtilities:processTestFixturesResources NO-SOURCE
> Task :testHelperFixtures:generateEffectiveLombokConfig UP-TO-DATE
> Task :awsUtilities:processTestResources UP-TO-DATE
> Task :awsUtilities:generateTestEffectiveLombokConfig UP-TO-DATE
> Task :awsUtilities:generateEffectiveLombokConfig UP-TO-DATE
> Task :awsUtilities:generateTestFixturesEffectiveLombokConfig UP-TO-DATE
> Task :testHelperFixtures:generateTestFixturesEffectiveLombokConfig UP-TO-DATE
> Task :testHelperFixtures:compileJava NO-SOURCE
> Task :testHelperFixtures:processTestFixturesResources UP-TO-DATE
> Task :testHelperFixtures:classes UP-TO-DATE
> Task :coreUtilities:processResources NO-SOURCE
> Task :coreUtilities:generateEffectiveLombokConfig UP-TO-DATE
> Task :awsUtilities:compileJava UP-TO-DATE
> Task :coreUtilities:generateTestFixturesEffectiveLombokConfig UP-TO-DATE
> Task :awsUtilities:classes UP-TO-DATE
> Task :awsUtilities:compileTestFixturesJava NO-SOURCE
> Task :awsUtilities:testFixturesClasses UP-TO-DATE
> Task :coreUtilities:compileJava UP-TO-DATE
> Task :testHelperFixtures:compileTestFixturesJava UP-TO-DATE
> Task :awsUtilities:delombok UP-TO-DATE
> Task :testHelperFixtures:jar UP-TO-DATE
> Task :testHelperFixtures:testFixturesClasses UP-TO-DATE
> Task :awsUtilities:javadoc UP-TO-DATE
> Task :coreUtilities:classes UP-TO-DATE
> Task :awsUtilities:compileTestJava UP-TO-DATE
> Task :awsUtilities:testClasses UP-TO-DATE
> Task :awsUtilities:jar UP-TO-DATE
> Task :awsUtilities:assemble UP-TO-DATE
> Task :coreUtilities:compileTestFixturesJava UP-TO-DATE
> Task :coreUtilities:processTestFixturesResources NO-SOURCE
> Task :coreUtilities:testFixturesClasses UP-TO-DATE
> Task :awsUtilities:testFixturesJar UP-TO-DATE
> Task :coreUtilities:generateTestEffectiveLombokConfig UP-TO-DATE
> Task :testHelperFixtures:testFixturesJar UP-TO-DATE
> Task :coreUtilities:delombok UP-TO-DATE
> Task :coreUtilities:compileTestJava UP-TO-DATE
> Task :coreUtilities:jar UP-TO-DATE
> Task :coreUtilities:processTestResources UP-TO-DATE
> Task :awsUtilities:test UP-TO-DATE
> Task :coreUtilities:javadoc UP-TO-DATE
> Task :coreUtilities:assemble UP-TO-DATE
> Task :coreUtilities:testFixturesJar UP-TO-DATE
> Task :coreUtilities:testClasses UP-TO-DATE
> Task :CreateSnapshot:generateEffectiveLombokConfig UP-TO-DATE
> Task :RFS:generateEffectiveLombokConfig UP-TO-DATE
> Task :coreUtilities:test UP-TO-DATE
> Task :RFS:generateLucene9EffectiveLombokConfig UP-TO-DATE
> Task :RFS:processLucene9Resources UP-TO-DATE
> Task :RFS:compileLucene9Java UP-TO-DATE
> Task :transformation:generateEffectiveLombokConfig UP-TO-DATE
> Task :RFS:lucene9Classes UP-TO-DATE
> Task :transformation:transformationPlugins:jsonMessageTransformers:jsonMessageTransformerInterface:generateEffectiveLombokConfig UP-TO-DATE
> Task :RFS:shadowLucene6 UP-TO-DATE
> Task :transformation:transformationPlugins:jsonMessageTransformers:jsonMessageTransformerInterface:compileJava UP-TO-DATE
> Task :CreateSnapshot:processResources NO-SOURCE
> Task :RFS:processResources UP-TO-DATE
> Task :transformation:compileJava UP-TO-DATE
> Task :RFS:shadowLucene5 UP-TO-DATE
> Task :transformation:transformationPlugins:jsonMessageTransformers:jsonJMESPathMessageTransformer:processResources NO-SOURCE
> Task :transformation:transformationPlugins:jsonMessageTransformers:jsonJMESPathMessageTransformer:generateEffectiveLombokConfig UP-TO-DATE
> Task :RFS:shadowLucene7 UP-TO-DATE
> Task :transformation:transformationPlugins:jsonMessageTransformers:jsonJMESPathMessageTransformerProvider:generateEffectiveLombokConfig UP-TO-DATE
> Task :transformation:transformationPlugins:jsonMessageTransformers:jsonJMESPathMessageTransformer:compileJava UP-TO-DATE
> Task :transformation:transformationPlugins:jsonMessageTransformers:jsonJMESPathMessageTransformer:classes UP-TO-DATE
> Task :transformation:transformationPlugins:jsonMessageTransformers:jsonJoltMessageTransformer:generateEffectiveLombokConfig UP-TO-DATE
> Task :transformation:processResources UP-TO-DATE
> Task :transformation:classes UP-TO-DATE
> Task :RFS:shadowLucene9 UP-TO-DATE
> Task :transformation:transformationPlugins:jsonMessageTransformers:jsonJMESPathMessageTransformerProvider:compileJava UP-TO-DATE
> Task :transformation:transformationPlugins:jsonMessageTransformers:jsonJMESPathMessageTransformerProvider:processResources UP-TO-DATE
> Task :transformation:transformationPlugins:jsonMessageTransformers:jsonJMESPathMessageTransformerProvider:classes UP-TO-DATE
> Task :transformation:transformationPlugins:jsonMessageTransformers:jsonJoltMessageTransformer:compileJava UP-TO-DATE
> Task :transformation:transformationPlugins:jsonMessageTransformers:jsonJMESPathMessageTransformer:jar UP-TO-DATE
> Task :transformation:jar UP-TO-DATE
> Task :RFS:compileJava UP-TO-DATE
> Task :RFS:classes UP-TO-DATE
> Task :CreateSnapshot:compileJava UP-TO-DATE
> Task :CreateSnapshot:classes UP-TO-DATE
> Task :transformation:transformationPlugins:jsonMessageTransformers:jsonJoltMessageTransformerProvider:generateEffectiveLombokConfig UP-TO-DATE
> Task :transformation:transformationPlugins:jsonMessageTransformers:jsonJMESPathMessageTransformerProvider:jar UP-TO-DATE
> Task :RFS:jar UP-TO-DATE
> Task :transformation:transformationPlugins:jsonMessageTransformers:jsonJoltMessageTransformerProvider:compileJava UP-TO-DATE
> Task :transformation:transformationPlugins:jsonMessageTransformers:jsonJoltMessageTransformer:processResources UP-TO-DATE
> Task :transformation:transformationPlugins:jsonMessageTransformers:jsonJoltMessageTransformer:classes UP-TO-DATE
> Task :CreateSnapshot:jar UP-TO-DATE
> Task :transformation:transformationPlugins:jsonMessageTransformers:jsonJoltMessageTransformerProvider:processResources UP-TO-DATE
> Task :transformation:transformationPlugins:jsonMessageTransformers:jsonJoltMessageTransformerProvider:classes UP-TO-DATE
> Task :transformation:transformationPlugins:jsonMessageTransformers:jsonJSTransformer:generateEffectiveLombokConfig UP-TO-DATE
> Task :transformation:transformationPlugins:jsonMessageTransformers:jsonJSTransformerProvider:generateEffectiveLombokConfig UP-TO-DATE
> Task :transformation:transformationPlugins:jsonMessageTransformers:jsonJSTransformerProvider:processResources UP-TO-DATE
> Task :transformation:transformationPlugins:jsonMessageTransformers:jsonMessageTransformerInterface:processResources UP-TO-DATE
> Task :transformation:transformationPlugins:jsonMessageTransformers:jsonMessageTransformerInterface:classes UP-TO-DATE
> Task :transformation:transformationPlugins:jsonMessageTransformers:jsonTypeMappingsSanitizationTransformer:generateEffectiveLombokConfig UP-TO-DATE
> Task :transformation:transformationPlugins:jsonMessageTransformers:jsonTypeMappingsSanitizationTransformer:processResources UP-TO-DATE
> Task :transformation:transformationPlugins:jsonMessageTransformers:jsonJoltMessageTransformer:jar UP-TO-DATE
> Task :transformation:transformationPlugins:jsonMessageTransformers:jsonTypeMappingsSanitizationTransformerProvider:generateEffectiveLombokConfig UP-TO-DATE
> Task :transformation:transformationPlugins:jsonMessageTransformers:jsonJoltMessageTransformerProvider:jar UP-TO-DATE
> Task :transformation:transformationPlugins:jsonMessageTransformers:jsonTypeMappingsSanitizationTransformerProvider:processResources UP-TO-DATE
> Task :CreateSnapshot:generateTestFixturesEffectiveLombokConfig UP-TO-DATE
> Task :CreateSnapshot:processTestFixturesResources NO-SOURCE
> Task :CreateSnapshot:compileTestFixturesJava NO-SOURCE
> Task :CreateSnapshot:testFixturesClasses UP-TO-DATE
> Task :buildImages:spotlessJava UP-TO-DATE
> Task :CreateSnapshot:generateTestEffectiveLombokConfig UP-TO-DATE
> Task :transformation:transformationPlugins:jsonMessageTransformers:jsonMessageTransformerInterface:jar UP-TO-DATE
> Task :RFS:generateTestFixturesEffectiveLombokConfig UP-TO-DATE
> Task :CreateSnapshot:delombok UP-TO-DATE
> Task :buildImages:spotlessJavaCheck UP-TO-DATE
> Task :buildImages:spotlessCheck UP-TO-DATE
> Task :CreateSnapshot:testFixturesJar UP-TO-DATE
> Task :buildImages:check UP-TO-DATE
> Task :buildImages:build UP-TO-DATE
> Task :RFS:processTestFixturesResources NO-SOURCE
> Task :CreateSnapshot:processTestResources UP-TO-DATE
> Task :CreateSnapshot:javadoc UP-TO-DATE
> Task :dashboardsSanitizer:generateEffectiveLombokConfig UP-TO-DATE
> Task :dashboardsSanitizer:processResources UP-TO-DATE
> Task :RFS:compileTestFixturesJava UP-TO-DATE
> Task :dashboardsSanitizer:generateTestFixturesEffectiveLombokConfig UP-TO-DATE
> Task :RFS:testFixturesClasses UP-TO-DATE
> Task :CreateSnapshot:compileTestJava UP-TO-DATE
> Task :CreateSnapshot:testClasses UP-TO-DATE
> Task :dashboardsSanitizer:processTestFixturesResources NO-SOURCE
> Task :dashboardsSanitizer:generateTestEffectiveLombokConfig UP-TO-DATE
> Task :dashboardsSanitizer:processTestResources UP-TO-DATE
> Task :dashboardsSanitizer:compileJava UP-TO-DATE
> Task :dashboardsSanitizer:classes UP-TO-DATE
> Task :dashboardsSanitizer:delombok UP-TO-DATE
> Task :dashboardsSanitizer:javadoc UP-TO-DATE
> Task :DataGenerator:generateEffectiveLombokConfig UP-TO-DATE
> Task :RFS:testFixturesJar UP-TO-DATE
> Task :DataGenerator:compileJava UP-TO-DATE
> Task :DataGenerator:processResources NO-SOURCE
> Task :DataGenerator:classes UP-TO-DATE
> Task :dashboardsSanitizer:jar UP-TO-DATE
> Task :dashboardsSanitizer:startScripts UP-TO-DATE
> Task :dashboardsSanitizer:distTar UP-TO-DATE
> Task :dashboardsSanitizer:distZip UP-TO-DATE
> Task :dashboardsSanitizer:assemble UP-TO-DATE
> Task :dashboardsSanitizer:compileTestFixturesJava NO-SOURCE
> Task :dashboardsSanitizer:testFixturesClasses UP-TO-DATE
> Task :dashboardsSanitizer:testFixturesJar UP-TO-DATE
> Task :dashboardsSanitizer:compileTestJava UP-TO-DATE
> Task :dashboardsSanitizer:testClasses UP-TO-DATE
> Task :dashboardsSanitizer:test UP-TO-DATE
> Task :DataGenerator:generateTestFixturesEffectiveLombokConfig UP-TO-DATE
> Task :DataGenerator:processTestFixturesResources NO-SOURCE
> Task :DataGenerator:generateTestEffectiveLombokConfig UP-TO-DATE
> Task :transformation:standardJavascriptTransforms:packageJs
> Task :DataGenerator:jar
> Task :transformation:transformationPlugins:jsonMessageTransformers:jsonJSTransformer:compileJava FROM-CACHE
> Task :DataGenerator:delombok FROM-CACHE
> Task :transformation:transformationPlugins:jsonMessageTransformers:jsonJSTransformerProvider:compileJava FROM-CACHE
> Task :transformation:transformationPlugins:jsonMessageTransformers:jsonJSTransformerProvider:classes UP-TO-DATE
> Task :transformation:transformationPlugins:jsonMessageTransformers:jsonJSTransformer:processResources
> Task :transformation:transformationPlugins:jsonMessageTransformers:jsonJSTransformer:classes
> Task :transformation:transformationPlugins:jsonMessageTransformers:jsonTypeMappingsSanitizationTransformer:compileJava FROM-CACHE
> Task :transformation:transformationPlugins:jsonMessageTransformers:jsonTypeMappingsSanitizationTransformer:classes UP-TO-DATE
> Task :console_link:spotlessJava UP-TO-DATE
> Task :transformation:transformationPlugins:jsonMessageTransformers:jsonJSTransformerProvider:jar
> Task :console_link:spotlessJavaCheck UP-TO-DATE
> Task :console_link:spotlessCheck UP-TO-DATE
> Task :console_link:check UP-TO-DATE
> Task :console_link:build UP-TO-DATE
> Task :DataGenerator:compileTestFixturesJava NO-SOURCE
> Task :DataGenerator:testFixturesClasses UP-TO-DATE
> Task :transformation:transformationPlugins:jsonMessageTransformers:jsonJSTransformer:jar
> Task :DataGenerator:testFixturesJar
> Task :transformation:transformationPlugins:jsonMessageTransformers:jsonTypeMappingsSanitizationTransformerProvider:compileJava FROM-CACHE
> Task :transformation:transformationPlugins:jsonMessageTransformers:jsonTypeMappingsSanitizationTransformerProvider:classes UP-TO-DATE
> Task :transformation:transformationPlugins:jsonMessageTransformers:jsonTypeMappingsSanitizationTransformerProvider:jar
> Task :DataGenerator:processTestResources UP-TO-DATE
> Task :deployment:assemble UP-TO-DATE
> Task :DataGenerator:compileTestJava FROM-CACHE
> Task :DataGenerator:testClasses UP-TO-DATE
> Task :DocumentsFromSnapshotMigration:generateEffectiveLombokConfig UP-TO-DATE
> Task :DataGenerator:javadoc FROM-CACHE
> Task :DocumentsFromSnapshotMigration:processResources NO-SOURCE
> Task :transformation:transformationPlugins:jsonMessageTransformers:jsonMessageTransformerLoaders:processResources UP-TO-DATE
> Task :transformation:transformationPlugins:jsonMessageTransformers:jsonMessageTransformerLoaders:generateEffectiveLombokConfig UP-TO-DATE
> Task :transformation:transformationPlugins:jsonMessageTransformers:jsonMessageTransformerLoaders:compileJava UP-TO-DATE
> Task :DataGenerator:spotlessJava UP-TO-DATE
> Task :DataGenerator:spotlessJavaCheck UP-TO-DATE
> Task :DataGenerator:spotlessCheck UP-TO-DATE
> Task :transformation:transformationPlugins:jsonMessageTransformers:jsonMessageTransformerLoaders:classes UP-TO-DATE
> Task :CreateSnapshot:spotlessJava UP-TO-DATE
> Task :CreateSnapshot:spotlessJavaCheck UP-TO-DATE
> Task :CreateSnapshot:spotlessCheck UP-TO-DATE
> Task :transformation:transformationPlugins:jsonMessageTransformers:jsonMessageTransformerLoaders:jar UP-TO-DATE
> Task :DocumentsFromSnapshotMigration:processTestFixturesResources NO-SOURCE
> Task :DocumentsFromSnapshotMigration:generateTestFixturesEffectiveLombokConfig UP-TO-DATE
> Task :DocumentsFromSnapshotMigration:generateTestEffectiveLombokConfig UP-TO-DATE
> Task :MetadataMigration:processResources UP-TO-DATE
> Task :MetadataMigration:generateEffectiveLombokConfig UP-TO-DATE
> Task :DocumentsFromSnapshotMigration:processTestResources UP-TO-DATE
> Task :frontend:nodeSetup UP-TO-DATE
> Task :DocumentsFromSnapshotMigration:compileJava FROM-CACHE
> Task :DocumentsFromSnapshotMigration:classes UP-TO-DATE
> Task :awsUtilities:spotlessJava UP-TO-DATE
> Task :awsUtilities:spotlessJavaCheck UP-TO-DATE
> Task :awsUtilities:spotlessCheck UP-TO-DATE
> Task :awsUtilities:check UP-TO-DATE
> Task :awsUtilities:build UP-TO-DATE
> Task :DocumentsFromSnapshotMigration:delombok FROM-CACHE
> Task :DocumentsFromSnapshotMigration:jar
> Task :DocumentsFromSnapshotMigration:compileTestFixturesJava NO-SOURCE
> Task :DocumentsFromSnapshotMigration:testFixturesClasses UP-TO-DATE
> Task :DocumentsFromSnapshotMigration:testFixturesJar
> Task :deployment:spotlessJava UP-TO-DATE
> Task :deployment:spotlessJavaCheck UP-TO-DATE
> Task :deployment:spotlessCheck UP-TO-DATE
> Task :deployment:check UP-TO-DATE
> Task :deployment:build UP-TO-DATE
> Task :frontend:syncVersionFile_frontend UP-TO-DATE
> Task :jenkinsTests:compileJava NO-SOURCE
> Task :jenkinsTests:compileGroovy NO-SOURCE
> Task :jenkinsTests:processResources NO-SOURCE
> Task :jenkinsTests:classes UP-TO-DATE
> Task :frontend:npmSetup UP-TO-DATE
> Task :jenkinsTests:jar UP-TO-DATE
> Task :jenkinsTests:assemble UP-TO-DATE
> Task :DocumentsFromSnapshotMigration:spotlessJava UP-TO-DATE
> Task :DocumentsFromSnapshotMigration:spotlessJavaCheck UP-TO-DATE
> Task :DocumentsFromSnapshotMigration:spotlessCheck UP-TO-DATE
> Task :jenkinsTests:compileTestJava NO-SOURCE
> Task :jenkinsTests:compileTestGroovy UP-TO-DATE
> Task :jenkinsTests:javadoc NO-SOURCE
> Task :jenkinsTests:processTestResources NO-SOURCE
> Task :jenkinsTests:testClasses UP-TO-DATE
> Task :dashboardsSanitizer:spotlessJava UP-TO-DATE
> Task :dashboardsSanitizer:spotlessJavaCheck UP-TO-DATE
> Task :dashboardsSanitizer:spotlessCheck UP-TO-DATE
> Task :dashboardsSanitizer:check UP-TO-DATE
> Task :dashboardsSanitizer:build UP-TO-DATE
> Task :kiro-cli:assemble UP-TO-DATE
> Task :coreUtilities:spotlessJava UP-TO-DATE
> Task :coreUtilities:spotlessJavaCheck UP-TO-DATE
> Task :coreUtilities:spotlessCheck UP-TO-DATE
> Task :coreUtilities:check UP-TO-DATE
> Task :coreUtilities:build UP-TO-DATE
> Task :libraries:assemble UP-TO-DATE
> Task :jenkinsTests:spotlessJava UP-TO-DATE
> Task :jenkinsTests:spotlessJavaCheck UP-TO-DATE
> Task :jenkinsTests:spotlessCheck UP-TO-DATE
> Task :kiro-cli:spotlessJava UP-TO-DATE
> Task :kiro-cli:spotlessJavaCheck UP-TO-DATE
> Task :kiro-cli:spotlessCheck UP-TO-DATE
> Task :kiro-cli:check UP-TO-DATE
> Task :kiro-cli:build UP-TO-DATE
> Task :MetadataMigration:generateTestFixturesEffectiveLombokConfig UP-TO-DATE
> Task :MetadataMigration:processTestFixturesResources NO-SOURCE
> Task :MetadataMigration:generateTestEffectiveLombokConfig UP-TO-DATE
> Task :console_link:buildOpenApiDockerImage UP-TO-DATE
> Task :MetadataMigration:processTestResources UP-TO-DATE
> Task :migrationConsole:compileJava NO-SOURCE
> Task :migrationConsole:processResources NO-SOURCE
> Task :migrationConsole:classes UP-TO-DATE
> Task :migrationConsole:jar UP-TO-DATE
> Task :migrationConsole:assemble UP-TO-DATE
> Task :MetadataMigration:spotlessJava UP-TO-DATE
> Task :MetadataMigration:spotlessJavaCheck UP-TO-DATE
> Task :MetadataMigration:spotlessCheck UP-TO-DATE
> Task :migrationConsole:compileTestFixturesJava NO-SOURCE
> Task :migrationConsole:processTestFixturesResources NO-SOURCE
> Task :migrationConsole:testFixturesClasses UP-TO-DATE
> Task :migrationConsole:testFixturesJar UP-TO-DATE
> Task :migrationConsole:compileTestJava NO-SOURCE
> Task :migrationConsole:javadoc NO-SOURCE
> Task :migrationConsole:processTestResources NO-SOURCE
> Task :migrationConsole:testClasses UP-TO-DATE
> Task :migrationConsole:test NO-SOURCE
> Task :RFS:assemble UP-TO-DATE
> Task :migrationConsole:spotlessJava UP-TO-DATE
> Task :migrationConsole:spotlessJavaCheck UP-TO-DATE
> Task :migrationConsole:spotlessCheck UP-TO-DATE
> Task :migrationConsole:check UP-TO-DATE
> Task :migrationConsole:build UP-TO-DATE
> Task :RFS:generateTestEffectiveLombokConfig UP-TO-DATE
> Task :libraries:spotlessJava UP-TO-DATE
> Task :libraries:spotlessJavaCheck UP-TO-DATE
> Task :libraries:spotlessCheck UP-TO-DATE
> Task :libraries:check UP-TO-DATE
> Task :libraries:build UP-TO-DATE
> Task :RFS:compileTestJava FROM-CACHE
> Task :RFS:prepareShadowJars UP-TO-DATE
> Task :RFS:processTestResources UP-TO-DATE
> Task :RFS:testClasses UP-TO-DATE
> Task :testHelperFixtures:assemble UP-TO-DATE
> Task :spotlessJson UP-TO-DATE
> Task :spotlessJsonCheck UP-TO-DATE
> Task :testHelperFixtures:generateTestEffectiveLombokConfig UP-TO-DATE
> Task :spotlessMisc
> Task :spotlessMiscCheck
> Task :testHelperFixtures:delombok NO-SOURCE
> Task :testHelperFixtures:javadoc NO-SOURCE
> Task :testHelperFixtures:compileTestJava UP-TO-DATE
> Task :testHelperFixtures:processTestResources NO-SOURCE
> Task :testHelperFixtures:testClasses UP-TO-DATE
> Task :TrafficCapture:compileJava NO-SOURCE
> Task :TrafficCapture:processResources NO-SOURCE
> Task :TrafficCapture:classes UP-TO-DATE
> Task :testHelperFixtures:test UP-TO-DATE
> Task :TrafficCapture:jar UP-TO-DATE
> Task :TrafficCapture:assemble UP-TO-DATE
> Task :TrafficCapture:compileTestJava NO-SOURCE
> Task :TrafficCapture:javadoc NO-SOURCE
> Task :TrafficCapture:processTestResources NO-SOURCE
> Task :TrafficCapture:testClasses UP-TO-DATE
> Task :TrafficCapture:test NO-SOURCE
> Task :transformation:assemble UP-TO-DATE
> Task :testHelperFixtures:spotlessJava UP-TO-DATE
> Task :testHelperFixtures:spotlessJavaCheck UP-TO-DATE
> Task :testHelperFixtures:spotlessCheck UP-TO-DATE
> Task :testHelperFixtures:check UP-TO-DATE
> Task :testHelperFixtures:build UP-TO-DATE
> Task :transformation:generateTestFixturesEffectiveLombokConfig UP-TO-DATE
> Task :transformation:compileTestFixturesJava NO-SOURCE
> Task :transformation:processTestFixturesResources NO-SOURCE
> Task :transformation:testFixturesClasses UP-TO-DATE
> Task :transformation:testFixturesJar UP-TO-DATE
> Task :transformation:generateTestEffectiveLombokConfig UP-TO-DATE
> Task :transformation:compileTestJava UP-TO-DATE
> Task :transformation:delombok UP-TO-DATE
> Task :transformation:javadoc UP-TO-DATE
> Task :transformation:processTestResources UP-TO-DATE
> Task :transformation:testClasses UP-TO-DATE
> Task :transformation:test FROM-CACHE
> Task :deployment:migration-assistant-solution:compileJava NO-SOURCE
> Task :deployment:migration-assistant-solution:processResources NO-SOURCE
> Task :deployment:migration-assistant-solution:classes UP-TO-DATE
> Task :deployment:migration-assistant-solution:jar UP-TO-DATE
> Task :deployment:migration-assistant-solution:assemble UP-TO-DATE
> Task :deployment:migration-assistant-solution:spotlessJava UP-TO-DATE
> Task :deployment:migration-assistant-solution:spotlessJavaCheck UP-TO-DATE
> Task :deployment:migration-assistant-solution:spotlessCheck UP-TO-DATE
> Task :deployment:migration-assistant-solution:compileTestFixturesJava NO-SOURCE
> Task :deployment:migration-assistant-solution:processTestFixturesResources NO-SOURCE
> Task :deployment:migration-assistant-solution:testFixturesClasses UP-TO-DATE
> Task :deployment:migration-assistant-solution:testFixturesJar UP-TO-DATE
> Task :deployment:migration-assistant-solution:compileTestJava NO-SOURCE
> Task :deployment:migration-assistant-solution:javadoc NO-SOURCE
> Task :deployment:migration-assistant-solution:processTestResources NO-SOURCE
> Task :deployment:migration-assistant-solution:testClasses UP-TO-DATE
> Task :deployment:migration-assistant-solution:test NO-SOURCE
> Task :deployment:migration-assistant-solution:check UP-TO-DATE
> Task :deployment:migration-assistant-solution:build UP-TO-DATE
> Task :libraries:kafkaCommandLineFormatter:generateEffectiveLombokConfig UP-TO-DATE
> Task :libraries:kafkaCommandLineFormatter:compileJava UP-TO-DATE
> Task :libraries:kafkaCommandLineFormatter:processResources NO-SOURCE
> Task :libraries:kafkaCommandLineFormatter:classes UP-TO-DATE
> Task :libraries:kafkaCommandLineFormatter:jar UP-TO-DATE
> Task :libraries:kafkaCommandLineFormatter:assemble UP-TO-DATE
> Task :libraries:kafkaCommandLineFormatter:spotlessJava UP-TO-DATE
> Task :libraries:kafkaCommandLineFormatter:spotlessJavaCheck UP-TO-DATE
> Task :libraries:kafkaCommandLineFormatter:spotlessCheck UP-TO-DATE
> Task :libraries:kafkaCommandLineFormatter:generateTestFixturesEffectiveLombokConfig UP-TO-DATE
> Task :libraries:kafkaCommandLineFormatter:compileTestFixturesJava NO-SOURCE
> Task :libraries:kafkaCommandLineFormatter:processTestFixturesResources NO-SOURCE
> Task :libraries:kafkaCommandLineFormatter:testFixturesClasses UP-TO-DATE
> Task :libraries:kafkaCommandLineFormatter:testFixturesJar UP-TO-DATE
> Task :libraries:kafkaCommandLineFormatter:generateTestEffectiveLombokConfig UP-TO-DATE
> Task :libraries:kafkaCommandLineFormatter:compileTestJava NO-SOURCE
> Task :libraries:kafkaCommandLineFormatter:delombok UP-TO-DATE
> Task :libraries:kafkaCommandLineFormatter:javadoc UP-TO-DATE
> Task :libraries:kafkaCommandLineFormatter:processTestResources NO-SOURCE
> Task :libraries:kafkaCommandLineFormatter:testClasses UP-TO-DATE
> Task :libraries:kafkaCommandLineFormatter:test NO-SOURCE
> Task :libraries:kafkaCommandLineFormatter:check UP-TO-DATE
> Task :libraries:kafkaCommandLineFormatter:build UP-TO-DATE
> Task :libraries:kafkaUtils:generateEffectiveLombokConfig UP-TO-DATE
> Task :TrafficCapture:captureKafkaOffloader:generateEffectiveLombokConfig UP-TO-DATE
> Task :TrafficCapture:captureOffloader:generateEffectiveLombokConfig UP-TO-DATE
> Task :TrafficCapture:captureProtobufs:protobufDummy UP-TO-DATE
> Task :TrafficCapture:captureProtobufs:extractIncludeProto UP-TO-DATE
> Task :TrafficCapture:captureProtobufs:extractProto UP-TO-DATE
> Task :RFS:spotlessJava UP-TO-DATE
> Task :RFS:spotlessJavaCheck UP-TO-DATE
> Task :RFS:spotlessCheck UP-TO-DATE
> Task :libraries:kafkaUtils:processResources UP-TO-DATE
> Task :TrafficCapture:captureKafkaOffloader:processResources NO-SOURCE
> Task :TrafficCapture:captureOffloader:processResources NO-SOURCE
> Task :TrafficCapture:captureProtobufs:generateProto FROM-CACHE
> Task :TrafficCapture:captureProtobufs:processResources
> Task :transformation:transformationPlugins:jsonMessageTransformers:jsonTypeMappingsSanitizationTransformer:jar
> Task :libraries:kafkaUtils:spotlessJava UP-TO-DATE
> Task :DocumentsFromSnapshotMigration:javadoc FROM-CACHE
> Task :TrafficCapture:captureProtobufs:compileJava FROM-CACHE
> Task :spotlessYaml
> Task :spotlessYamlCheck
> Task :spotlessCheck
> Task :check
> Task :build
> Task :frontend:npmInstall UP-TO-DATE
> Task :TrafficCapture:captureOffloader:compileJava FROM-CACHE
> Task :TrafficCapture:spotlessJava UP-TO-DATE
> Task :TrafficCapture:spotlessJavaCheck UP-TO-DATE
> Task :TrafficCapture:spotlessCheck UP-TO-DATE
> Task :TrafficCapture:check UP-TO-DATE
> Task :TrafficCapture:build UP-TO-DATE
> Task :TrafficCapture:captureOffloader:classes UP-TO-DATE
> Task :TrafficCapture:captureOffloader:jar
> Task :TrafficCapture:captureProtobufs:classes
> Task :TrafficCapture:captureProtobufs:jar
> Task :libraries:kafkaUtils:spotlessJavaCheck UP-TO-DATE
> Task :libraries:kafkaUtils:spotlessCheck UP-TO-DATE
> Task :libraries:kafkaUtils:generateTestFixturesEffectiveLombokConfig UP-TO-DATE
> Task :libraries:kafkaUtils:processTestFixturesResources NO-SOURCE
> Task :libraries:kafkaUtils:generateTestEffectiveLombokConfig UP-TO-DATE
> Task :libraries:kafkaUtils:processTestResources NO-SOURCE
> Task :TrafficCapture:captureKafkaOffloader:compileJava FROM-CACHE
> Task :libraries:kafkaUtils:compileJava FROM-CACHE
> Task :libraries:kafkaUtils:classes UP-TO-DATE
> Task :libraries:kafkaUtils:jar
> Task :TrafficCapture:captureKafkaOffloader:classes UP-TO-DATE
> Task :TrafficCapture:captureKafkaOffloader:jar
> Task :CreateSnapshot:test FROM-CACHE
> Task :CreateSnapshot:check UP-TO-DATE
> Task :libraries:kafkaUtils:compileTestFixturesJava NO-SOURCE
> Task :libraries:kafkaUtils:testFixturesClasses UP-TO-DATE
> Task :libraries:kafkaUtils:testFixturesJar
> Task :libraries:kafkaUtils:compileTestJava NO-SOURCE
> Task :libraries:kafkaUtils:delombok FROM-CACHE
> Task :CreateSnapshot:startScripts
> Task :DataGenerator:startScripts
> Task :DataGenerator:test FROM-CACHE
> Task :libraries:kafkaUtils:javadoc FROM-CACHE
> Task :TrafficCapture:captureKafkaOffloader:spotlessJava UP-TO-DATE
> Task :DataGenerator:check UP-TO-DATE
> Task :libraries:kafkaUtils:testClasses UP-TO-DATE
> Task :libraries:kafkaUtils:test NO-SOURCE
> Task :libraries:kafkaUtils:check UP-TO-DATE
> Task :TrafficCapture:captureKafkaOffloader:assemble
> Task :TrafficCapture:captureKafkaOffloader:spotlessJavaCheck UP-TO-DATE
> Task :TrafficCapture:captureKafkaOffloader:spotlessCheck UP-TO-DATE
> Task :TrafficCapture:captureKafkaOffloader:generateTestFixturesEffectiveLombokConfig UP-TO-DATE
> Task :TrafficCapture:captureKafkaOffloader:compileTestFixturesJava NO-SOURCE
> Task :TrafficCapture:captureKafkaOffloader:processTestFixturesResources NO-SOURCE
> Task :TrafficCapture:captureKafkaOffloader:testFixturesClasses UP-TO-DATE
> Task :TrafficCapture:captureKafkaOffloader:testFixturesJar
> Task :TrafficCapture:captureKafkaOffloader:generateTestEffectiveLombokConfig UP-TO-DATE
> Task :TrafficCapture:captureKafkaOffloader:compileTestJava FROM-CACHE
> Task :TrafficCapture:captureKafkaOffloader:delombok FROM-CACHE
> Task :RFS:delombok FROM-CACHE
> Task :libraries:kafkaUtils:startScripts
> Task :DocumentsFromSnapshotMigration:startScripts
> Task :TrafficCapture:captureKafkaOffloader:javadoc FROM-CACHE

> Task :console_link:generateOpenApiSpec
OpenAPI spec generated at /Users/akurait/workplace/opensearch-migrations-main/migrationConsole/lib/console_link/build/openapi.json

> Task :frontend:syncBackendClientDefinition
> Task :frontend:generateBackendClient UP-TO-DATE
> Task :RFS:javadoc FROM-CACHE
> Task :MetadataMigration:compileJava
> Task :MetadataMigration:classes
> Task :MetadataMigration:jar
> Task :DocumentsFromSnapshotMigration:compileTestJava FROM-CACHE
> Task :DocumentsFromSnapshotMigration:testClasses UP-TO-DATE

> Task :jenkinsTests:test
Test classes directory: [/Users/akurait/workplace/opensearch-migrations-main/jenkinsTests/build/classes/java/test, /Users/akurait/workplace/opensearch-migrations-main/jenkinsTests/build/classes/groovy/test]

Looking for compiled test classes...
Directory does not exist: /Users/akurait/workplace/opensearch-migrations-main/jenkinsTests/build/classes/java/test
Found compiled test class: /Users/akurait/workplace/opensearch-migrations-main/jenkinsTests/build/classes/groovy/test/JenkinsPipelineTestRunner$_setUp_closure1.class
Found compiled test class: /Users/akurait/workplace/opensearch-migrations-main/jenkinsTests/build/classes/groovy/test/JenkinsPipelineTestRunner.class

> Task :libraries:kafkaUtils:distTar
> Task :RFS:test FROM-CACHE
> Task :MetadataMigration:compileTestFixturesJava NO-SOURCE
> Task :MetadataMigration:testFixturesClasses UP-TO-DATE
> Task :MetadataMigration:testFixturesJar
> Task :MetadataMigration:startScripts
> Task :MetadataMigration:compileTestJava FROM-CACHE

> Task :frontend:buildFrontend

> transformation-playground@0.1.0 build
> next build


> Task :CreateSnapshot:distTar
> Task :DataGenerator:distTar
> Task :MetadataMigration:testClasses UP-TO-DATE
> Task :RFS:check UP-TO-DATE
> Task :RFS:build UP-TO-DATE
> Task :DocumentsFromSnapshotMigration:distTar
> Task :transformation:spotlessJava FROM-CACHE
> Task :transformation:spotlessJavaCheck UP-TO-DATE
> Task :transformation:spotlessCheck UP-TO-DATE
> Task :transformation:check UP-TO-DATE
> Task :transformation:build UP-TO-DATE
> Task :TrafficCapture:captureKafkaOffloader:processTestResources UP-TO-DATE
> Task :TrafficCapture:captureKafkaOffloader:testClasses UP-TO-DATE
> Task :TrafficCapture:captureOffloader:assemble
> Task :TrafficCapture:captureKafkaOffloader:test FROM-CACHE
> Task :TrafficCapture:captureKafkaOffloader:check UP-TO-DATE
> Task :TrafficCapture:captureKafkaOffloader:build
> Task :TrafficCapture:captureOffloader:generateTestFixturesEffectiveLombokConfig UP-TO-DATE
> Task :TrafficCapture:captureOffloader:compileTestFixturesJava FROM-CACHE
> Task :TrafficCapture:captureOffloader:processTestFixturesResources NO-SOURCE
> Task :TrafficCapture:captureOffloader:testFixturesClasses UP-TO-DATE
> Task :TrafficCapture:captureOffloader:testFixturesJar
> Task :TrafficCapture:captureOffloader:generateTestEffectiveLombokConfig UP-TO-DATE
> Task :TrafficCapture:captureOffloader:compileTestJava FROM-CACHE
> Task :TrafficCapture:captureOffloader:delombok FROM-CACHE
> Task :TrafficCapture:captureOffloader:javadoc FROM-CACHE
> Task :TrafficCapture:captureOffloader:processTestResources UP-TO-DATE
> Task :TrafficCapture:captureOffloader:testClasses UP-TO-DATE
> Task :TrafficCapture:captureOffloader:spotlessJava UP-TO-DATE

> Task :jenkinsTests:test

JenkinsPipelineTestRunner STANDARD_OUT
    Changed working directory to: /Users/akurait/workplace/opensearch-migrations-main/vars

JenkinsPipelineTestRunner > testTrafficReplayPipeline() STARTED

> Task :TrafficCapture:captureOffloader:spotlessJavaCheck UP-TO-DATE
> Task :TrafficCapture:captureOffloader:spotlessCheck UP-TO-DATE
> Task :TrafficCapture:captureProtobufs:assemble
> Task :TrafficCapture:captureProtobufs:spotlessJava UP-TO-DATE
> Task :TrafficCapture:captureProtobufs:spotlessJavaCheck UP-TO-DATE
> Task :TrafficCapture:captureProtobufs:spotlessCheck UP-TO-DATE
> Task :TrafficCapture:captureProtobufs:extractIncludeTestFixturesProto
> Task :TrafficCapture:captureProtobufs:extractTestFixturesProto UP-TO-DATE
> Task :TrafficCapture:captureProtobufs:generateTestFixturesProto NO-SOURCE
> Task :TrafficCapture:captureProtobufs:compileTestFixturesJava NO-SOURCE
> Task :TrafficCapture:captureProtobufs:processTestFixturesResources NO-SOURCE
> Task :TrafficCapture:captureProtobufs:testFixturesClasses UP-TO-DATE
> Task :TrafficCapture:captureProtobufs:testFixturesJar
> Task :MetadataMigration:distTar
> Task :TrafficCapture:captureProtobufs:extractTestProto UP-TO-DATE
> Task :TrafficCapture:captureOffloader:test FROM-CACHE
> Task :TrafficCapture:captureOffloader:check UP-TO-DATE
> Task :TrafficCapture:captureOffloader:build
> Task :TrafficCapture:captureProtobufs:processTestResources NO-SOURCE
> Task :TrafficCapture:dockerSolution:compileJava NO-SOURCE
> Task :TrafficCapture:dockerSolution:processResources NO-SOURCE
> Task :TrafficCapture:dockerSolution:classes UP-TO-DATE
> Task :TrafficCapture:dockerSolution:jar
> Task :TrafficCapture:dockerSolution:assemble
> Task :TrafficCapture:dockerSolution:spotlessJava FROM-CACHE
> Task :TrafficCapture:dockerSolution:spotlessJavaCheck UP-TO-DATE
> Task :TrafficCapture:dockerSolution:spotlessCheck UP-TO-DATE
> Task :TrafficCapture:dockerSolution:compileTestFixturesJava NO-SOURCE
> Task :TrafficCapture:dockerSolution:processTestFixturesResources NO-SOURCE
> Task :TrafficCapture:dockerSolution:testFixturesClasses UP-TO-DATE
> Task :TrafficCapture:dockerSolution:testFixturesJar
> Task :TrafficCapture:dockerSolution:compileTestJava NO-SOURCE
> Task :TrafficCapture:dockerSolution:javadoc NO-SOURCE
> Task :TrafficCapture:dockerSolution:processTestResources NO-SOURCE
> Task :TrafficCapture:dockerSolution:testClasses UP-TO-DATE
> Task :TrafficCapture:dockerSolution:test NO-SOURCE
> Task :TrafficCapture:dockerSolution:check UP-TO-DATE
> Task :TrafficCapture:dockerSolution:build
> Task :TrafficCapture:nettyWireLogging:generateEffectiveLombokConfig FROM-CACHE
> Task :TrafficCapture:captureProtobufs:javadoc FROM-CACHE
> Task :TrafficCapture:nettyWireLogging:processResources NO-SOURCE
> Task :TrafficCapture:nettyWireLogging:compileJava FROM-CACHE
> Task :TrafficCapture:nettyWireLogging:classes UP-TO-DATE
> Task :TrafficCapture:nettyWireLogging:jar
> Task :TrafficCapture:nettyWireLogging:assemble
> Task :TrafficCapture:nettyWireLogging:generateTestFixturesEffectiveLombokConfig FROM-CACHE
> Task :TrafficCapture:nettyWireLogging:compileTestFixturesJava NO-SOURCE
> Task :TrafficCapture:nettyWireLogging:processTestFixturesResources NO-SOURCE
> Task :TrafficCapture:nettyWireLogging:testFixturesClasses UP-TO-DATE
> Task :TrafficCapture:nettyWireLogging:testFixturesJar
> Task :TrafficCapture:nettyWireLogging:generateTestEffectiveLombokConfig FROM-CACHE

> Task :DocumentsFromSnapshotMigration:test

RfsMigrateDocumentsTest > testGetSuccessorNextAcquisitionLeaseExponent(int, int, double, String) > [1] 2, 1, 0.024, Should decrease successorExponent when shard prep time is less than decrease threshold for lease duration PASSED

RfsMigrateDocumentsTest > testGetSuccessorNextAcquisitionLeaseExponent(int, int, double, String) > [2] 0, 0, 0.024, Should return 0 for successorExponent when shard prep time is less than decrease threshold for lease duration and existingLeaseExponent is 0 PASSED

RfsMigrateDocumentsTest > testGetSuccessorNextAcquisitionLeaseExponent(int, int, double, String) > [3] 1, 1, 0.099, Should return existingLeaseExponent when shard prep time is less than increase threshold for lease duration PASSED

RfsMigrateDocumentsTest > testGetSuccessorNextAcquisitionLeaseExponent(int, int, double, String) > [4] 1, 1, 0.1, Should return existingLeaseExponent when shard prep time is equal to increase threshold for lease duration PASSED

RfsMigrateDocumentsTest > testGetSuccessorNextAcquisitionLeaseExponent(int, int, double, String) > [5] 1, 2, 0.101, Should return existingLeaseExponent + 1 when shard prep time is greater than increase threshold for lease duration PASSED

> Task :TrafficCapture:nettyWireLogging:spotlessJava FROM-CACHE
> Task :TrafficCapture:nettyWireLogging:spotlessJavaCheck UP-TO-DATE
> Task :TrafficCapture:nettyWireLogging:spotlessCheck UP-TO-DATE
> Task :TrafficCapture:nettyWireLogging:delombok FROM-CACHE
> Task :TrafficCapture:nettyWireLogging:compileTestJava FROM-CACHE
> Task :TrafficCapture:nettyWireLogging:processTestResources
> Task :TrafficCapture:nettyWireLogging:testClasses
> Task :TrafficCapture:trafficCaptureProxyServer:generateEffectiveLombokConfig FROM-CACHE
> Task :TrafficCapture:trafficCaptureProxyServer:compileJava FROM-CACHE
> Task :TrafficCapture:trafficCaptureProxyServer:processResources
> Task :TrafficCapture:trafficCaptureProxyServer:classes
> Task :TrafficCapture:nettyWireLogging:javadoc FROM-CACHE
> Task :TrafficCapture:trafficCaptureProxyServer:jar
> Task :TrafficCapture:nettyWireLogging:test FROM-CACHE
> Task :TrafficCapture:nettyWireLogging:check UP-TO-DATE
> Task :TrafficCapture:nettyWireLogging:build

> Task :frontend:buildFrontend
   â–² Next.js 15.4.10

   Creating an optimized production build ...

> Task :TrafficCapture:trafficCaptureProxyServer:startScripts
> Task :TrafficCapture:captureProtobufs:extractIncludeTestProto
> Task :TrafficCapture:captureProtobufs:generateTestProto NO-SOURCE
> Task :TrafficCapture:captureProtobufs:compileTestJava NO-SOURCE
> Task :TrafficCapture:captureProtobufs:testClasses UP-TO-DATE
> Task :TrafficCapture:captureProtobufs:test NO-SOURCE
> Task :TrafficCapture:captureProtobufs:check UP-TO-DATE
> Task :TrafficCapture:captureProtobufs:build
> Task :TrafficCapture:trafficCaptureProxyServer:spotlessJava FROM-CACHE
> Task :TrafficCapture:trafficCaptureProxyServer:spotlessJavaCheck UP-TO-DATE
> Task :TrafficCapture:trafficCaptureProxyServer:spotlessCheck UP-TO-DATE
> Task :TrafficCapture:trafficCaptureProxyServer:generateTestFixturesEffectiveLombokConfig FROM-CACHE
> Task :TrafficCapture:trafficCaptureProxyServer:compileTestFixturesJava NO-SOURCE
> Task :TrafficCapture:trafficCaptureProxyServer:processTestFixturesResources NO-SOURCE
> Task :TrafficCapture:trafficCaptureProxyServer:testFixturesClasses UP-TO-DATE
> Task :TrafficCapture:trafficCaptureProxyServer:testFixturesJar
> Task :TrafficCapture:trafficCaptureProxyServer:generateTestEffectiveLombokConfig FROM-CACHE
> Task :TrafficCapture:trafficCaptureProxyServer:compileTestJava FROM-CACHE
> Task :TrafficCapture:trafficCaptureProxyServer:delombok FROM-CACHE
> Task :TrafficCapture:trafficCaptureProxyServer:javadoc FROM-CACHE
> Task :TrafficCapture:trafficCaptureProxyServer:processTestResources
> Task :TrafficCapture:trafficCaptureProxyServer:testClasses
> Task :TrafficCapture:trafficCaptureProxyServer:test FROM-CACHE
> Task :TrafficCapture:trafficCaptureProxyServer:check UP-TO-DATE
> Task :TrafficCapture:trafficReplayer:generateEffectiveLombokConfig FROM-CACHE
> Task :TrafficCapture:trafficReplayer:compileJava FROM-CACHE
> Task :TrafficCapture:trafficReplayer:processResources
> Task :TrafficCapture:trafficReplayer:classes

> Task :jenkinsTests:test

JenkinsPipelineTestRunner > testTrafficReplayPipeline() STANDARD_OUT
    Attempting to load script: trafficReplayDefaultE2ETest.groovy
    Full script path: /Users/akurait/workplace/opensearch-migrations-main/jenkinsTests/./trafficReplayDefaultE2ETest.groovy
    Script file exists: false
    Script loaded successfully
    Setup complete
    Starting pipeline test
    Pipeline called with config: [sourceContext:
        {
          "source-single-node-ec2": {
            "suffix": "ec2-source-<STAGE>",
            "networkStackSuffix": "ec2-source-<STAGE>",
            "distVersion": "7.10.2",
            "cidr": "12.0.0.0/16",
            "distributionUrl": "https://artifacts.elastic.co/downloads/elasticsearch/elasticsearch-oss-7.10.2-linux-x86_64.tar.gz",
            "captureProxyEnabled": true,
            "securityDisabled": true,
            "minDistribution": false,
            "cpuArch": "x64",
            "isInternal": true,
            "singleNodeCluster": true,
            "networkAvailabilityZones": 2,
            "dataNodeCount": 1,
            "managerNodeCount": 0,
            "serverAccessType": "ipv4",
            "restrictServerAccessTo": "0.0.0.0/0"
          }
        }
        , migrationContext:
        {
          "migration-default": {
            "stage": "<STAGE>",
            "vpcId": "<VPC_ID>",
            "engineVersion": "OS_2.19",
            "domainName": "os-cluster-<STAGE>",
            "dataNodeCount": 2,
            "openAccessPolicyEnabled": true,
            "domainRemovalPolicy": "DESTROY",
            "artifactBucketRemovalPolicy": "DESTROY",
            "trafficReplayerServiceEnabled": true,
            "trafficReplayerExtraArgs": "--speedup-factor 10.0 --transformer-config-encoded W3siVHlwZU1hcHBpbmdTYW5pdGl6YXRpb25UcmFuc2Zvcm1lclByb3ZpZGVyIjp7InNvdXJjZVByb3BlcnRpZXMiOnsidmVyc2lvbiI6eyJtYWpvciI6NywibWlub3IiOjEwfX19fV0=",
            "reindexFromSnapshotServiceEnabled": true,
            "sourceClusterEndpoint": "<SOURCE_CLUSTER_ENDPOINT>",
            "tlsSecurityPolicy": "TLS_1_2",
            "enforceHTTPS": true,
            "nodeToNodeEncryptionEnabled": true,
            "encryptionAtRestEnabled": true,
            "vpcEnabled": true,
            "vpcAZCount": 2,
            "mskAZCount": 2,
            "migrationAssistanceEnabled": true,
            "replayerOutputEFSRemovalPolicy": "DESTROY",
            "migrationConsoleServiceEnabled": true,
            "otelCollectorEnabled": true
          }
        }
        , sourceContextId:source-single-node-ec2, migrationContextId:migration-default, defaultStageId:aws-integ, jobName:traffic-replay-default-e2e-test]
    Pipeline execution complete
       trafficReplayDefaultE2ETest.call({})
          trafficReplayDefaultE2ETest.defaultIntegPipeline({sourceContext=
        {
          "source-single-node-ec2": {
            "suffix": "ec2-source-<STAGE>",
            "networkStackSuffix": "ec2-source-<STAGE>",
            "distVersion": "7.10.2",
            "cidr": "12.0.0.0/16",
            "distributionUrl": "https://artifacts.elastic.co/downloads/elasticsearch/elasticsearch-oss-7.10.2-linux-x86_64.tar.gz",
            "captureProxyEnabled": true,
            "securityDisabled": true,
            "minDistribution": false,
            "cpuArch": "x64",
            "isInternal": true,
            "singleNodeCluster": true,
            "networkAvailabilityZones": 2,
            "dataNodeCount": 1,
            "managerNodeCount": 0,
            "serverAccessType": "ipv4",
            "restrictServerAccessTo": "0.0.0.0/0"
          }
        }
        , migrationContext=
        {
          "migration-default": {
            "stage": "<STAGE>",
            "vpcId": "<VPC_ID>",
            "engineVersion": "OS_2.19",
            "domainName": "os-cluster-<STAGE>",
            "dataNodeCount": 2,
            "openAccessPolicyEnabled": true,
            "domainRemovalPolicy": "DESTROY",
            "artifactBucketRemovalPolicy": "DESTROY",
            "trafficReplayerServiceEnabled": true,
            "trafficReplayerExtraArgs": "--speedup-factor 10.0 --transformer-config-encoded W3siVHlwZU1hcHBpbmdTYW5pdGl6YXRpb25UcmFuc2Zvcm1lclByb3ZpZGVyIjp7InNvdXJjZVByb3BlcnRpZXMiOnsidmVyc2lvbiI6eyJtYWpvciI6NywibWlub3IiOjEwfX19fV0=",
            "reindexFromSnapshotServiceEnabled": true,
            "sourceClusterEndpoint": "<SOURCE_CLUSTER_ENDPOINT>",
            "tlsSecurityPolicy": "TLS_1_2",
            "enforceHTTPS": true,
            "nodeToNodeEncryptionEnabled": true,
            "encryptionAtRestEnabled": true,
            "vpcEnabled": true,
            "vpcAZCount": 2,
            "mskAZCount": 2,
            "migrationAssistanceEnabled": true,
            "replayerOutputEFSRemovalPolicy": "DESTROY",
            "migrationConsoleServiceEnabled": true,
            "otelCollectorEnabled": true
          }
        }
        , sourceContextId=source-single-node-ec2, migrationContextId=migration-default, defaultStageId=aws-integ, jobName=traffic-replay-default-e2e-test})

JenkinsPipelineTestRunner > testTrafficReplayPipeline() PASSED

> Task :libraries:kafkaUtils:distZip
> Task :libraries:kafkaUtils:assemble
> Task :libraries:kafkaUtils:build
> Task :MetadataMigration:delombok
> Task :TrafficCapture:trafficReplayer:jar
> Task :TrafficCapture:trafficReplayer:startScripts
> Task :TrafficCapture:trafficReplayer:spotlessJava FROM-CACHE
> Task :TrafficCapture:trafficCaptureProxyServer:distTar
> Task :TrafficCapture:trafficReplayer:spotlessJavaCheck UP-TO-DATE
> Task :TrafficCapture:trafficReplayer:spotlessCheck UP-TO-DATE
> Task :TrafficCapture:trafficReplayer:generateTestFixturesEffectiveLombokConfig FROM-CACHE
> Task :TrafficCapture:trafficReplayer:compileTestFixturesJava FROM-CACHE
> Task :TrafficCapture:trafficReplayer:processTestFixturesResources NO-SOURCE
> Task :TrafficCapture:trafficReplayer:testFixturesClasses UP-TO-DATE
> Task :TrafficCapture:trafficReplayer:testFixturesJar
> Task :TrafficCapture:trafficReplayer:generateTestEffectiveLombokConfig FROM-CACHE
> Task :TrafficCapture:trafficReplayer:compileTestJava FROM-CACHE
> Task :TrafficCapture:trafficReplayer:delombok FROM-CACHE
> Task :TrafficCapture:trafficReplayer:distTar
> Task :TrafficCapture:trafficReplayer:javadoc FROM-CACHE
> Task :transformation:standardJavascriptTransforms:assemble
> Task :TrafficCapture:trafficReplayer:processTestResources
> Task :TrafficCapture:trafficReplayer:testClasses
> Task :TrafficCapture:trafficReplayer:test FROM-CACHE
> Task :TrafficCapture:trafficReplayer:check UP-TO-DATE
> Task :MetadataMigration:javadoc
> Task :CreateSnapshot:distZip
> Task :CreateSnapshot:assemble
> Task :CreateSnapshot:build
> Task :transformation:transformationPlugins:assemble UP-TO-DATE
> Task :DataGenerator:distZip
> Task :DataGenerator:assemble
> Task :DataGenerator:build
> Task :transformation:transformationPlugins:jsonMessageTransformers:assemble UP-TO-DATE
> Task :DocumentsFromSnapshotMigration:distZip
> Task :DocumentsFromSnapshotMigration:assemble
> Task :transformation:transformationPlugins:jsonMessageTransformers:jsonJMESPathMessageTransformer:assemble UP-TO-DATE
> Task :transformation:transformationPlugins:jsonMessageTransformers:jsonJMESPathMessageTransformer:spotlessJava FROM-CACHE
> Task :transformation:transformationPlugins:jsonMessageTransformers:jsonJMESPathMessageTransformer:spotlessJavaCheck UP-TO-DATE
> Task :transformation:transformationPlugins:jsonMessageTransformers:jsonJMESPathMessageTransformer:spotlessCheck UP-TO-DATE
> Task :transformation:transformationPlugins:jsonMessageTransformers:jsonJMESPathMessageTransformer:generateTestFixturesEffectiveLombokConfig FROM-CACHE
> Task :transformation:transformationPlugins:jsonMessageTransformers:jsonJMESPathMessageTransformer:compileTestFixturesJava NO-SOURCE
> Task :transformation:transformationPlugins:jsonMessageTransformers:jsonJMESPathMessageTransformer:processTestFixturesResources NO-SOURCE
> Task :transformation:transformationPlugins:jsonMessageTransformers:jsonJMESPathMessageTransformer:testFixturesClasses UP-TO-DATE
> Task :transformation:transformationPlugins:jsonMessageTransformers:jsonJMESPathMessageTransformer:testFixturesJar
> Task :transformation:transformationPlugins:jsonMessageTransformers:jsonJMESPathMessageTransformer:generateTestEffectiveLombokConfig FROM-CACHE
> Task :transformation:transformationPlugins:jsonMessageTransformers:jsonJMESPathMessageTransformer:compileTestJava NO-SOURCE
> Task :transformation:transformationPlugins:jsonMessageTransformers:jsonJMESPathMessageTransformer:delombok FROM-CACHE
> Task :transformation:transformationPlugins:jsonMessageTransformers:jsonJMESPathMessageTransformer:javadoc FROM-CACHE
> Task :transformation:transformationPlugins:jsonMessageTransformers:jsonJMESPathMessageTransformer:processTestResources NO-SOURCE
> Task :transformation:transformationPlugins:jsonMessageTransformers:jsonJMESPathMessageTransformer:testClasses UP-TO-DATE
> Task :transformation:transformationPlugins:jsonMessageTransformers:jsonJMESPathMessageTransformer:test NO-SOURCE
> Task :transformation:transformationPlugins:jsonMessageTransformers:jsonJMESPathMessageTransformer:check UP-TO-DATE
> Task :transformation:transformationPlugins:jsonMessageTransformers:jsonJMESPathMessageTransformer:build UP-TO-DATE
> Task :transformation:transformationPlugins:jsonMessageTransformers:jsonJMESPathMessageTransformerProvider:assemble UP-TO-DATE
> Task :transformation:transformationPlugins:jsonMessageTransformers:jsonJMESPathMessageTransformerProvider:spotlessJava FROM-CACHE
> Task :transformation:transformationPlugins:jsonMessageTransformers:jsonJMESPathMessageTransformerProvider:spotlessJavaCheck UP-TO-DATE
> Task :transformation:transformationPlugins:jsonMessageTransformers:jsonJMESPathMessageTransformerProvider:spotlessCheck UP-TO-DATE
> Task :transformation:transformationPlugins:jsonMessageTransformers:jsonJMESPathMessageTransformerProvider:generateTestFixturesEffectiveLombokConfig FROM-CACHE
> Task :transformation:transformationPlugins:jsonMessageTransformers:jsonJMESPathMessageTransformerProvider:compileTestFixturesJava NO-SOURCE
> Task :transformation:transformationPlugins:jsonMessageTransformers:jsonJMESPathMessageTransformerProvider:processTestFixturesResources NO-SOURCE
> Task :transformation:transformationPlugins:jsonMessageTransformers:jsonJMESPathMessageTransformerProvider:testFixturesClasses UP-TO-DATE
> Task :transformation:transformationPlugins:jsonMessageTransformers:jsonJMESPathMessageTransformerProvider:testFixturesJar
> Task :transformation:transformationPlugins:jsonMessageTransformers:jsonJMESPathMessageTransformerProvider:generateTestEffectiveLombokConfig FROM-CACHE
> Task :transformation:transformationPlugins:jsonMessageTransformers:jsonJMESPathMessageTransformerProvider:compileTestJava FROM-CACHE
> Task :transformation:transformationPlugins:jsonMessageTransformers:jsonJMESPathMessageTransformerProvider:delombok FROM-CACHE
> Task :transformation:transformationPlugins:jsonMessageTransformers:jsonJMESPathMessageTransformerProvider:javadoc FROM-CACHE
> Task :transformation:transformationPlugins:jsonMessageTransformers:jsonJMESPathMessageTransformerProvider:processTestResources
> Task :transformation:transformationPlugins:jsonMessageTransformers:jsonJMESPathMessageTransformerProvider:testClasses
> Task :transformation:transformationPlugins:jsonMessageTransformers:jsonJMESPathMessageTransformerProvider:test FROM-CACHE
> Task :transformation:transformationPlugins:jsonMessageTransformers:jsonJMESPathMessageTransformerProvider:check UP-TO-DATE
> Task :transformation:transformationPlugins:jsonMessageTransformers:jsonJMESPathMessageTransformerProvider:build UP-TO-DATE
> Task :transformation:transformationPlugins:jsonMessageTransformers:jsonJoltMessageTransformer:assemble UP-TO-DATE
> Task :transformation:transformationPlugins:jsonMessageTransformers:jsonJoltMessageTransformer:spotlessJava FROM-CACHE
> Task :transformation:transformationPlugins:jsonMessageTransformers:jsonJoltMessageTransformer:spotlessJavaCheck UP-TO-DATE
> Task :transformation:transformationPlugins:jsonMessageTransformers:jsonJoltMessageTransformer:spotlessCheck UP-TO-DATE
> Task :transformation:transformationPlugins:jsonMessageTransformers:jsonJoltMessageTransformer:generateTestFixturesEffectiveLombokConfig FROM-CACHE
> Task :transformation:transformationPlugins:jsonMessageTransformers:jsonJoltMessageTransformer:compileTestFixturesJava NO-SOURCE
> Task :transformation:transformationPlugins:jsonMessageTransformers:jsonJoltMessageTransformer:processTestFixturesResources NO-SOURCE
> Task :transformation:transformationPlugins:jsonMessageTransformers:jsonJoltMessageTransformer:testFixturesClasses UP-TO-DATE
> Task :transformation:transformationPlugins:jsonMessageTransformers:jsonJoltMessageTransformer:testFixturesJar
> Task :transformation:transformationPlugins:jsonMessageTransformers:jsonJoltMessageTransformer:generateTestEffectiveLombokConfig FROM-CACHE
> Task :transformation:transformationPlugins:jsonMessageTransformers:jsonJoltMessageTransformer:compileTestJava NO-SOURCE
> Task :transformation:transformationPlugins:jsonMessageTransformers:jsonJoltMessageTransformer:delombok FROM-CACHE
> Task :transformation:transformationPlugins:jsonMessageTransformers:jsonJoltMessageTransformer:javadoc FROM-CACHE
> Task :transformation:transformationPlugins:jsonMessageTransformers:jsonJoltMessageTransformer:processTestResources NO-SOURCE
> Task :transformation:transformationPlugins:jsonMessageTransformers:jsonJoltMessageTransformer:testClasses UP-TO-DATE
> Task :transformation:transformationPlugins:jsonMessageTransformers:jsonJoltMessageTransformer:test NO-SOURCE
> Task :transformation:transformationPlugins:jsonMessageTransformers:jsonJoltMessageTransformer:check UP-TO-DATE
> Task :transformation:transformationPlugins:jsonMessageTransformers:jsonJoltMessageTransformer:build UP-TO-DATE
> Task :transformation:transformationPlugins:jsonMessageTransformers:jsonJoltMessageTransformerProvider:assemble UP-TO-DATE
> Task :transformation:transformationPlugins:spotlessJava FROM-CACHE
> Task :transformation:transformationPlugins:spotlessJavaCheck UP-TO-DATE
> Task :transformation:transformationPlugins:spotlessCheck UP-TO-DATE
> Task :transformation:transformationPlugins:check UP-TO-DATE
> Task :transformation:transformationPlugins:build UP-TO-DATE
> Task :transformation:transformationPlugins:jsonMessageTransformers:jsonJoltMessageTransformerProvider:generateTestFixturesEffectiveLombokConfig FROM-CACHE
> Task :transformation:transformationPlugins:jsonMessageTransformers:jsonJoltMessageTransformerProvider:compileTestFixturesJava NO-SOURCE
> Task :transformation:transformationPlugins:jsonMessageTransformers:jsonJoltMessageTransformerProvider:processTestFixturesResources NO-SOURCE
> Task :transformation:transformationPlugins:jsonMessageTransformers:jsonJoltMessageTransformerProvider:testFixturesClasses UP-TO-DATE
> Task :transformation:transformationPlugins:jsonMessageTransformers:jsonJoltMessageTransformerProvider:testFixturesJar
> Task :transformation:transformationPlugins:jsonMessageTransformers:jsonJoltMessageTransformerProvider:generateTestEffectiveLombokConfig FROM-CACHE
> Task :transformation:transformationPlugins:jsonMessageTransformers:jsonJoltMessageTransformerProvider:spotlessJava FROM-CACHE
> Task :transformation:transformationPlugins:jsonMessageTransformers:jsonJoltMessageTransformerProvider:spotlessJavaCheck UP-TO-DATE
> Task :transformation:transformationPlugins:jsonMessageTransformers:jsonJoltMessageTransformerProvider:spotlessCheck UP-TO-DATE
> Task :transformation:transformationPlugins:jsonMessageTransformers:jsonJoltMessageTransformerProvider:compileTestJava FROM-CACHE
> Task :transformation:transformationPlugins:jsonMessageTransformers:jsonJoltMessageTransformerProvider:delombok FROM-CACHE
> Task :transformation:transformationPlugins:jsonMessageTransformers:jsonJoltMessageTransformerProvider:processTestResources
> Task :transformation:transformationPlugins:jsonMessageTransformers:jsonJoltMessageTransformerProvider:testClasses
> Task :transformation:transformationPlugins:jsonMessageTransformers:jsonJSTransformer:assemble
> Task :transformation:transformationPlugins:jsonMessageTransformers:jsonJoltMessageTransformerProvider:javadoc FROM-CACHE
> Task :transformation:transformationPlugins:jsonMessageTransformers:jsonJoltMessageTransformerProvider:test FROM-CACHE
> Task :transformation:transformationPlugins:jsonMessageTransformers:jsonJoltMessageTransformerProvider:check UP-TO-DATE
> Task :transformation:transformationPlugins:jsonMessageTransformers:jsonJoltMessageTransformerProvider:build UP-TO-DATE
> Task :transformation:transformationPlugins:jsonMessageTransformers:jsonJSTransformer:generateTestFixturesEffectiveLombokConfig FROM-CACHE
> Task :transformation:transformationPlugins:jsonMessageTransformers:jsonJSTransformer:compileTestFixturesJava NO-SOURCE
> Task :transformation:transformationPlugins:jsonMessageTransformers:jsonJSTransformer:processTestFixturesResources NO-SOURCE
> Task :transformation:transformationPlugins:jsonMessageTransformers:jsonJSTransformer:testFixturesClasses UP-TO-DATE
> Task :transformation:transformationPlugins:jsonMessageTransformers:jsonJSTransformer:spotlessJava FROM-CACHE
> Task :transformation:transformationPlugins:jsonMessageTransformers:jsonJSTransformer:spotlessJavaCheck UP-TO-DATE
> Task :transformation:transformationPlugins:jsonMessageTransformers:jsonJSTransformer:spotlessCheck UP-TO-DATE
> Task :transformation:transformationPlugins:jsonMessageTransformers:jsonJSTransformer:generateTestEffectiveLombokConfig FROM-CACHE
> Task :transformation:transformationPlugins:jsonMessageTransformers:jsonJSTransformer:compileTestJava FROM-CACHE
> Task :transformation:transformationPlugins:jsonMessageTransformers:jsonJSTransformer:delombok FROM-CACHE
> Task :transformation:transformationPlugins:jsonMessageTransformers:jsonJSTransformer:testFixturesJar
> Task :transformation:transformationPlugins:jsonMessageTransformers:jsonJSTransformer:processTestResources NO-SOURCE
> Task :transformation:transformationPlugins:jsonMessageTransformers:jsonJSTransformer:testClasses UP-TO-DATE
> Task :transformation:transformationPlugins:jsonMessageTransformers:jsonJSTransformerProvider:assemble
> Task :transformation:transformationPlugins:jsonMessageTransformers:jsonJSTransformer:javadoc FROM-CACHE
> Task :transformation:transformationPlugins:jsonMessageTransformers:jsonJSTransformer:test FROM-CACHE
> Task :transformation:transformationPlugins:jsonMessageTransformers:jsonJSTransformer:check UP-TO-DATE
> Task :transformation:transformationPlugins:jsonMessageTransformers:jsonJSTransformer:build
> Task :transformation:transformationPlugins:jsonMessageTransformers:jsonJSTransformerProvider:generateTestFixturesEffectiveLombokConfig FROM-CACHE
> Task :transformation:transformationPlugins:jsonMessageTransformers:jsonJSTransformerProvider:compileTestFixturesJava NO-SOURCE
> Task :transformation:transformationPlugins:jsonMessageTransformers:jsonJSTransformerProvider:processTestFixturesResources NO-SOURCE
> Task :transformation:transformationPlugins:jsonMessageTransformers:jsonJSTransformerProvider:testFixturesClasses UP-TO-DATE
> Task :transformation:transformationPlugins:jsonMessageTransformers:jsonJSTransformerProvider:testFixturesJar
> Task :transformation:transformationPlugins:jsonMessageTransformers:jsonJSTransformerProvider:generateTestEffectiveLombokConfig FROM-CACHE
> Task :transformation:transformationPlugins:jsonMessageTransformers:jsonJSTransformerProvider:spotlessJava FROM-CACHE
> Task :transformation:transformationPlugins:jsonMessageTransformers:jsonJSTransformerProvider:spotlessJavaCheck UP-TO-DATE
> Task :transformation:transformationPlugins:jsonMessageTransformers:jsonJSTransformerProvider:spotlessCheck UP-TO-DATE
> Task :transformation:transformationPlugins:jsonMessageTransformers:jsonJSTransformerProvider:compileTestJava FROM-CACHE
> Task :transformation:transformationPlugins:jsonMessageTransformers:jsonJSTransformerProvider:delombok FROM-CACHE
> Task :transformation:transformationPlugins:jsonMessageTransformers:jsonJSTransformerProvider:processTestResources NO-SOURCE
> Task :transformation:transformationPlugins:jsonMessageTransformers:jsonJSTransformerProvider:testClasses UP-TO-DATE
> Task :transformation:transformationPlugins:jsonMessageTransformers:jsonMessageTransformerInterface:assemble UP-TO-DATE
> Task :transformation:transformationPlugins:jsonMessageTransformers:jsonJSTransformerProvider:javadoc FROM-CACHE
> Task :transformation:transformationPlugins:jsonMessageTransformers:jsonJSTransformerProvider:test FROM-CACHE
> Task :transformation:transformationPlugins:jsonMessageTransformers:jsonJSTransformerProvider:check UP-TO-DATE
> Task :transformation:transformationPlugins:jsonMessageTransformers:jsonJSTransformerProvider:build
> Task :transformation:transformationPlugins:jsonMessageTransformers:jsonMessageTransformerInterface:generateTestFixturesEffectiveLombokConfig FROM-CACHE
> Task :transformation:transformationPlugins:jsonMessageTransformers:jsonMessageTransformerInterface:compileTestFixturesJava NO-SOURCE
> Task :transformation:transformationPlugins:jsonMessageTransformers:jsonMessageTransformerInterface:processTestFixturesResources NO-SOURCE
> Task :transformation:transformationPlugins:jsonMessageTransformers:jsonMessageTransformerInterface:testFixturesClasses UP-TO-DATE
> Task :transformation:transformationPlugins:jsonMessageTransformers:jsonMessageTransformerInterface:testFixturesJar
> Task :transformation:transformationPlugins:jsonMessageTransformers:jsonMessageTransformerInterface:generateTestEffectiveLombokConfig FROM-CACHE
> Task :transformation:transformationPlugins:jsonMessageTransformers:jsonMessageTransformerInterface:compileTestJava FROM-CACHE
> Task :transformation:transformationPlugins:jsonMessageTransformers:jsonMessageTransformerInterface:delombok FROM-CACHE
> Task :transformation:transformationPlugins:jsonMessageTransformers:jsonMessageTransformerInterface:spotlessJava FROM-CACHE
> Task :transformation:transformationPlugins:jsonMessageTransformers:jsonMessageTransformerInterface:spotlessJavaCheck UP-TO-DATE
> Task :transformation:transformationPlugins:jsonMessageTransformers:jsonMessageTransformerInterface:spotlessCheck UP-TO-DATE
> Task :transformation:transformationPlugins:jsonMessageTransformers:jsonMessageTransformerInterface:processTestResources NO-SOURCE
> Task :transformation:transformationPlugins:jsonMessageTransformers:jsonMessageTransformerInterface:testClasses UP-TO-DATE
> Task :transformation:transformationPlugins:jsonMessageTransformers:jsonMessageTransformerLoaders:assemble UP-TO-DATE
> Task :transformation:transformationPlugins:jsonMessageTransformers:jsonMessageTransformerInterface:javadoc FROM-CACHE
> Task :transformation:transformationPlugins:jsonMessageTransformers:spotlessJava FROM-CACHE
> Task :transformation:transformationPlugins:jsonMessageTransformers:spotlessJavaCheck UP-TO-DATE
> Task :transformation:transformationPlugins:jsonMessageTransformers:spotlessCheck UP-TO-DATE
> Task :transformation:transformationPlugins:jsonMessageTransformers:check UP-TO-DATE
> Task :transformation:transformationPlugins:jsonMessageTransformers:build UP-TO-DATE
> Task :transformation:transformationPlugins:jsonMessageTransformers:jsonMessageTransformerLoaders:generateTestFixturesEffectiveLombokConfig FROM-CACHE
> Task :transformation:transformationPlugins:jsonMessageTransformers:jsonMessageTransformerLoaders:compileTestFixturesJava NO-SOURCE
> Task :transformation:transformationPlugins:jsonMessageTransformers:jsonMessageTransformerLoaders:processTestFixturesResources NO-SOURCE
> Task :transformation:transformationPlugins:jsonMessageTransformers:jsonMessageTransformerLoaders:testFixturesClasses UP-TO-DATE
> Task :transformation:transformationPlugins:jsonMessageTransformers:jsonMessageTransformerLoaders:testFixturesJar
> Task :transformation:transformationPlugins:jsonMessageTransformers:jsonMessageTransformerLoaders:generateTestEffectiveLombokConfig FROM-CACHE
> Task :transformation:transformationPlugins:jsonMessageTransformers:jsonMessageTransformerInterface:test FROM-CACHE
> Task :transformation:transformationPlugins:jsonMessageTransformers:jsonMessageTransformerInterface:check UP-TO-DATE
> Task :transformation:transformationPlugins:jsonMessageTransformers:jsonMessageTransformerInterface:build UP-TO-DATE
> Task :transformation:transformationPlugins:jsonMessageTransformers:jsonMessageTransformerLoaders:compileTestJava FROM-CACHE
> Task :transformation:transformationPlugins:jsonMessageTransformers:jsonMessageTransformerLoaders:processTestResources
> Task :transformation:transformationPlugins:jsonMessageTransformers:jsonMessageTransformerLoaders:testClasses
> Task :transformation:transformationPlugins:jsonMessageTransformers:jsonTypeMappingsSanitizationTransformer:assemble
> Task :transformation:transformationPlugins:jsonMessageTransformers:jsonMessageTransformerLoaders:delombok FROM-CACHE
> Task :transformation:transformationPlugins:jsonMessageTransformers:jsonMessageTransformerLoaders:spotlessJava FROM-CACHE
> Task :transformation:transformationPlugins:jsonMessageTransformers:jsonMessageTransformerLoaders:spotlessJavaCheck UP-TO-DATE
> Task :transformation:transformationPlugins:jsonMessageTransformers:jsonMessageTransformerLoaders:spotlessCheck UP-TO-DATE
> Task :transformation:transformationPlugins:jsonMessageTransformers:jsonTypeMappingsSanitizationTransformer:generateTestFixturesEffectiveLombokConfig FROM-CACHE
> Task :transformation:transformationPlugins:jsonMessageTransformers:jsonTypeMappingsSanitizationTransformer:compileTestFixturesJava FROM-CACHE
> Task :transformation:transformationPlugins:jsonMessageTransformers:jsonTypeMappingsSanitizationTransformer:processTestFixturesResources NO-SOURCE
> Task :transformation:transformationPlugins:jsonMessageTransformers:jsonTypeMappingsSanitizationTransformer:testFixturesClasses UP-TO-DATE
> Task :transformation:transformationPlugins:jsonMessageTransformers:jsonTypeMappingsSanitizationTransformer:testFixturesJar
> Task :transformation:transformationPlugins:jsonMessageTransformers:jsonTypeMappingsSanitizationTransformer:generateTestEffectiveLombokConfig FROM-CACHE
> Task :transformation:transformationPlugins:jsonMessageTransformers:jsonMessageTransformerLoaders:javadoc FROM-CACHE
> Task :transformation:transformationPlugins:jsonMessageTransformers:jsonMessageTransformerLoaders:test FROM-CACHE
> Task :transformation:transformationPlugins:jsonMessageTransformers:jsonMessageTransformerLoaders:check UP-TO-DATE
> Task :transformation:transformationPlugins:jsonMessageTransformers:jsonMessageTransformerLoaders:build UP-TO-DATE
> Task :transformation:transformationPlugins:jsonMessageTransformers:jsonTypeMappingsSanitizationTransformer:compileTestJava FROM-CACHE
> Task :transformation:transformationPlugins:jsonMessageTransformers:jsonTypeMappingsSanitizationTransformer:processTestResources NO-SOURCE
> Task :transformation:transformationPlugins:jsonMessageTransformers:jsonTypeMappingsSanitizationTransformer:testClasses UP-TO-DATE
> Task :transformation:transformationPlugins:jsonMessageTransformers:jsonTypeMappingsSanitizationTransformerProvider:assemble
> Task :transformation:transformationPlugins:jsonMessageTransformers:jsonTypeMappingsSanitizationTransformer:delombok FROM-CACHE
> Task :transformation:transformationPlugins:jsonMessageTransformers:jsonTypeMappingsSanitizationTransformer:spotlessJava FROM-CACHE
> Task :transformation:transformationPlugins:jsonMessageTransformers:jsonTypeMappingsSanitizationTransformer:spotlessJavaCheck UP-TO-DATE
> Task :transformation:transformationPlugins:jsonMessageTransformers:jsonTypeMappingsSanitizationTransformer:spotlessCheck UP-TO-DATE
> Task :transformation:transformationPlugins:jsonMessageTransformers:jsonTypeMappingsSanitizationTransformerProvider:generateTestFixturesEffectiveLombokConfig FROM-CACHE
> Task :transformation:transformationPlugins:jsonMessageTransformers:jsonTypeMappingsSanitizationTransformerProvider:compileTestFixturesJava NO-SOURCE
> Task :transformation:transformationPlugins:jsonMessageTransformers:jsonTypeMappingsSanitizationTransformerProvider:processTestFixturesResources NO-SOURCE
> Task :transformation:transformationPlugins:jsonMessageTransformers:jsonTypeMappingsSanitizationTransformerProvider:testFixturesClasses UP-TO-DATE
> Task :transformation:transformationPlugins:jsonMessageTransformers:jsonTypeMappingsSanitizationTransformerProvider:testFixturesJar
> Task :transformation:transformationPlugins:jsonMessageTransformers:jsonTypeMappingsSanitizationTransformerProvider:generateTestEffectiveLombokConfig FROM-CACHE
> Task :transformation:transformationPlugins:jsonMessageTransformers:jsonTypeMappingsSanitizationTransformerProvider:spotlessJava FROM-CACHE
> Task :transformation:transformationPlugins:jsonMessageTransformers:jsonTypeMappingsSanitizationTransformerProvider:spotlessJavaCheck UP-TO-DATE
> Task :transformation:transformationPlugins:jsonMessageTransformers:jsonTypeMappingsSanitizationTransformerProvider:spotlessCheck UP-TO-DATE
> Task :transformation:transformationPlugins:jsonMessageTransformers:jsonTypeMappingsSanitizationTransformerProvider:delombok FROM-CACHE
> Task :transformation:transformationPlugins:jsonMessageTransformers:jsonTypeMappingsSanitizationTransformer:javadoc FROM-CACHE
> Task :transformation:transformationPlugins:jsonMessageTransformers:jsonTypeMappingsSanitizationTransformerProvider:compileTestJava FROM-CACHE
> Task :transformation:transformationPlugins:jsonMessageTransformers:jsonTypeMappingsSanitizationTransformerProvider:processTestResources
> Task :transformation:transformationPlugins:jsonMessageTransformers:jsonTypeMappingsSanitizationTransformerProvider:testClasses
> Task :transformation:transformationPlugins:jsonMessageTransformers:jsonTypeMappingsSanitizationTransformerProvider:javadoc FROM-CACHE
> Task :transformation:transformationPlugins:jsonMessageTransformers:jsonTypeMappingsSanitizationTransformer:test FROM-CACHE
> Task :transformation:transformationPlugins:jsonMessageTransformers:jsonTypeMappingsSanitizationTransformer:check UP-TO-DATE
> Task :transformation:transformationPlugins:jsonMessageTransformers:jsonTypeMappingsSanitizationTransformer:build
> Task :transformation:transformationPlugins:jsonMessageTransformers:jsonTypeMappingsSanitizationTransformerProvider:test FROM-CACHE
> Task :transformation:transformationPlugins:jsonMessageTransformers:jsonTypeMappingsSanitizationTransformerProvider:check UP-TO-DATE
> Task :transformation:transformationPlugins:jsonMessageTransformers:jsonTypeMappingsSanitizationTransformerProvider:build
> Task :MetadataMigration:distZip
> Task :MetadataMigration:assemble
> Task :transformation:standardJavascriptTransforms:spotlessJava FROM-CACHE
> Task :transformation:standardJavascriptTransforms:spotlessJavaCheck UP-TO-DATE
> Task :transformation:standardJavascriptTransforms:spotlessCheck UP-TO-DATE
> Task :TrafficCapture:trafficReplayer:distZip
> Task :TrafficCapture:trafficReplayer:assemble
> Task :TrafficCapture:trafficReplayer:build

> Task :MetadataMigration:test

ConfigureTest > configureSource_notImplemented() PASSED

TransformersTest > testEmptyCliOutput() PASSED

MetadataMigrationTest > testMain_expectTopLevelHelp() PASSED

MetadataMigrationTest > testMain_expectNoPasswordLogged() PASSED

OpenJDK 64-Bit Server VM warning: Sharing is only supported for boot loader classes because bootstrap classpath has been appended
OpenJDK 64-Bit Server VM warning: Sharing is only supported for boot loader classes because bootstrap classpath has been appended
OpenJDK 64-Bit Server VM warning: Sharing is only supported for boot loader classes because bootstrap classpath has been appended

> Task :TrafficCapture:trafficCaptureProxyServer:distZip
> Task :TrafficCapture:trafficCaptureProxyServer:assemble
> Task :TrafficCapture:trafficCaptureProxyServer:build

> Task :MetadataMigration:test

TransformersTest > testMultipleTransformersJsonOutput() PASSED

TransformersTest > testSingleTransformerCliOutput() PASSED

TransformersTest > testEmptyJsonOutput() PASSED

> Task :jenkinsTests:check
> Task :jenkinsTests:build

> Task :MetadataMigration:test

ConfigureResultTest > testAsJsonOutput() PASSED

ConfigureResultTest > testAsCliOutput() PASSED

ConfigureResultTest > testGetters() PASSED

OpenJDK 64-Bit Server VM warning: Sharing is only supported for boot loader classes because bootstrap classpath has been appended

> Task :frontend:buildFrontend
 âœ“ Compiled successfully in 15.0s
   Linting and checking validity of types ...

OpenJDK 64-Bit Server VM warning: Sharing is only supported for boot loader classes because bootstrap classpath has been appended

> Task :MetadataMigration:test

ClustersTest > testAsString_withRemoteSourceAndTarget() PASSED

ClustersTest > testOutput_withS3Source() PASSED

ClustersTest > testOutput_Empty() PASSED

ClustersTest > testOutput_withLocalSource() PASSED

ClusterReaderExtractorTest > testExtractClusterReader_invalidS3Snapshot_missingRegion() PASSED

ClusterReaderExtractorTest > testExtractClusterReader_invalidS3Snapshot_missingLocalDirPath() PASSED

MigrationItemResultTest > testAsString_noItems() PASSED

MigrationItemResultTest > testAsString_nothing() PASSED

MigrationItemResultTest > testAsString_fullResults_withNoMessage() PASSED

MigrationItemResultTest > testAsString_fullResults_withMessage() PASSED

ItemsTest > testItemOrdering() PASSED

ItemsTest > testEmpty() PASSED

ItemsTest > testFull() PASSED

ItemsTest > testWithFailures() PASSED

ItemsTest > testIndexTemplatesFailures() PASSED

ItemsTest > testFailureTypes() PASSED

> Task :transformation:standardJavascriptTransforms:nodeSetup
> Task :transformation:standardJavascriptTransforms:npmSetup SKIPPED
> Task :DocumentsFromSnapshotMigration:check
> Task :DocumentsFromSnapshotMigration:build
OpenJDK 64-Bit Server VM warning: Sharing is only supported for boot loader classes because bootstrap classpath has been appended

> Task :MetadataMigration:test

MigrateTest > migrate_failsUnexpectedExceptionInnerMessage() PASSED

ClusterReaderExtractorTest > testExtractClusterReader_validS3Snapshot() PASSED

ClusterReaderExtractorTest > testExtractClusterReader_validLocalSnapshot() PASSED

ClusterReaderExtractorTest > testExtractClusterReader_noSnapshotOrRemote() PASSED

ClusterReaderExtractorTest > testExtractClusterReader_validLocalSnapshot_missingVersion() PASSED

ClusterReaderExtractorTest > testExtractClusterReader_validRemote() PASSED

MigrateTest > migrate_failsUnexpectedException() PASSED

MigrateTest > migrate_failsInvalidParameters() PASSED

> Task :transformation:standardJavascriptTransforms:installDependencies

up to date, audited 379 packages in 1s

62 packages are looking for funding
  run `npm fund` for details

found 0 vulnerabilities

> Task :frontend:buildFrontend
   Collecting page data ...
   Generating static pages (0/12) ...
   Generating static pages (3/12) 
   Generating static pages (6/12) 

> Task :transformation:standardJavascriptTransforms:test

> js-module@1.0.0 test
> jest --coverage

PASS test/knn-nmslib-to-faiss-metadata.test.js
PASS test/es-string-text-keyword-metadata.test.js
PASS test/knn-to-serverless-metadata.test.js
PASS test/metadataUpdater.test.js
PASS test/typeMappingsSanitizer.test.js
  â— Console

    console.log
      Context:  null

      at log (src/typeMappingsSanitizer.js:473:13)

    console.error
      Context Missing source_properties:  null

      475 |     // Validate context, todo: include more validation
      476 |     if (!context?.source_properties?.version?.major) {
    > 477 |         console.error("Context Missing source_properties: ", JSON.stringify(context, mapToPlainObjectReplacer, 2));
          |                 ^
      478 |         throw new Error("No source_properties defined - required to transform correctly!");
      479 |     }
      480 |     // Support bulk processing

      at error (src/typeMappingsSanitizer.js:477:17)
      at test/typeMappingsSanitizer.test.js:5:22
      at Object.<anonymous> (node_modules/expect/build/toThrowMatchers.js:74:11)
      at Object.throwingMatcher [as toThrow] (node_modules/expect/build/index.js:320:21)
      at Object.<anonymous> (test/typeMappingsSanitizer.test.js:5:34)

------------------------------------|---------|----------|---------|---------|-----------------------------------
File                                | % Stmts | % Branch | % Funcs | % Lines | Uncovered Line #s                 
------------------------------------|---------|----------|---------|---------|-----------------------------------
All files                           |    42.2 |    40.65 |      50 |   41.83 |                                   
 dataStreamBackingIndexTransform.js |       0 |        0 |       0 |       0 | 21-61                             
 es-string-text-keyword-metadata.js |     100 |     93.1 |     100 |     100 | 89-97                             
 es-vector-knn-metadata.js          |       0 |        0 |       0 |       0 | 9-83                              
 knn-nmslib-to-faiss-metadata.js    |      90 |       75 |     100 |   97.14 | 15                                
 knn-to-serverless-metadata.js      |   93.05 |    89.39 |     100 |   98.36 | 39                                
 metadataUpdater.js                 |   97.72 |    86.48 |     100 |   97.22 | 42                                
 typeMappingsSanitizer.js           |    6.96 |     3.16 |     8.1 |    6.98 | 2-287,300-445,452,458-468,481-485 
------------------------------------|---------|----------|---------|---------|-----------------------------------

Test Suites: 5 passed, 5 total
Tests:       45 passed, 45 total
Snapshots:   0 total
Time:        1.481 s, estimated 3 s
Ran all test suites.

> Task :transformation:standardJavascriptTransforms:check
> Task :transformation:standardJavascriptTransforms:build

> Task :MetadataMigration:test

MetadataMigrationTest > jsonOutputIsParsable() PASSED

MetadataMigrationTest > testMain_expectCommandHelp() PASSED

EvaluateTest > evaluate_failsUnexpectedException() PASSED

EvaluateTest > evaluate_failsUnexpectedExceptionInnerMessage() PASSED

EvaluateTest > evaluate_failsInvalidParameters() PASSED

> Task :MetadataMigration:check
> Task :MetadataMigration:build

> Task :frontend:buildFrontend
   Generating static pages (9/12) 
 âœ“ Generating static pages (12/12)
   Finalizing page optimization ...
   Collecting build traces ...
   Exporting (0/3) ...
 âœ“ Exporting (3/3)

Route (app)                                 Size  First Load JS
â”Œ â—‹ /                                     1.5 kB         112 kB
â”œ â—‹ /_not-found                            999 B         102 kB
â”œ â—‹ /about                               7.95 kB         136 kB
â”œ â—‹ /backfill                            11.7 kB         154 kB
â”œ â—‹ /createSession                       6.34 kB         160 kB
â”œ â—‹ /loading                             33.7 kB         187 kB
â”œ â—‹ /metadata                            9.27 kB         198 kB
â”œ â—‹ /playground                           384 kB         542 kB
â”œ â—‹ /snapshot                            10.5 kB         223 kB
â”” â—‹ /viewSession                         7.63 kB         178 kB
+ First Load JS shared by all             101 kB
  â”œ chunks/4bd1b696-cc729d47eba2cee4.js  54.1 kB
  â”œ chunks/5964-4fc277876d95163e.js      44.1 kB
  â”” other shared chunks (total)          2.32 kB


â—‹  (Static)  prerendered as static content


> Task :frontend:assemble

> Task :frontend:checkGeneratedFilesTracked
OK: No unstaged or untracked files under frontend/src/generated/

> Task :frontend:lintFrontend

> transformation-playground@0.1.0 lint
> next lint

âœ” No ESLint warnings or errors

> Task :frontend:check
> Task :frontend:build

BUILD SUCCESSFUL in 40s
465 actionable tasks: 89 executed, 136 from cache, 240 up-to-date

Publishing build scan...
https://gradle.com/s/w6aen3paduy5k

Configuration cache entry stored.
